{"E:\\Kiểm thử phần mềm\\backend\\src\\app.js": {"path":"E:\\Kiểm thử phần mềm\\backend\\src\\app.js","statementMap":{"0":{"start":{"line":1,"column":16},"end":{"line":1,"column":34}},"1":{"start":{"line":2,"column":13},"end":{"line":2,"column":28}},"2":{"start":{"line":3,"column":15},"end":{"line":3,"column":32}},"3":{"start":{"line":4,"column":18},"end":{"line":4,"column":47}},"4":{"start":{"line":5,"column":18},"end":{"line":5,"column":47}},"5":{"start":{"line":6,"column":20},"end":{"line":6,"column":47}},"6":{"start":{"line":7,"column":19},"end":{"line":7,"column":37}},"7":{"start":{"line":8,"column":36},"end":{"line":8,"column":66}},"8":{"start":{"line":10,"column":19},"end":{"line":10,"column":49}},"9":{"start":{"line":11,"column":22},"end":{"line":11,"column":55}},"10":{"start":{"line":12,"column":22},"end":{"line":12,"column":55}},"11":{"start":{"line":13,"column":18},"end":{"line":13,"column":47}},"12":{"start":{"line":14,"column":22},"end":{"line":14,"column":55}},"13":{"start":{"line":15,"column":24},"end":{"line":15,"column":59}},"14":{"start":{"line":17,"column":12},"end":{"line":17,"column":21}},"15":{"start":{"line":20,"column":0},"end":{"line":20,"column":50}},"16":{"start":{"line":21,"column":0},"end":{"line":21,"column":16}},"17":{"start":{"line":22,"column":0},"end":{"line":22,"column":24}},"18":{"start":{"line":23,"column":0},"end":{"line":23,"column":23}},"19":{"start":{"line":26,"column":0},"end":{"line":33,"column":1}},"20":{"start":{"line":27,"column":18},"end":{"line":31,"column":4}},"21":{"start":{"line":32,"column":2},"end":{"line":32,"column":28}},"22":{"start":{"line":36,"column":0},"end":{"line":36,"column":9}},"23":{"start":{"line":39,"column":0},"end":{"line":39,"column":68}},"24":{"start":{"line":40,"column":0},"end":{"line":43,"column":3}},"25":{"start":{"line":41,"column":2},"end":{"line":41,"column":52}},"26":{"start":{"line":42,"column":2},"end":{"line":42,"column":24}},"27":{"start":{"line":46,"column":0},"end":{"line":46,"column":33}},"28":{"start":{"line":47,"column":0},"end":{"line":47,"column":40}},"29":{"start":{"line":48,"column":0},"end":{"line":48,"column":40}},"30":{"start":{"line":49,"column":0},"end":{"line":49,"column":32}},"31":{"start":{"line":50,"column":0},"end":{"line":50,"column":40}},"32":{"start":{"line":51,"column":0},"end":{"line":51,"column":43}},"33":{"start":{"line":54,"column":0},"end":{"line":56,"column":3}},"34":{"start":{"line":55,"column":2},"end":{"line":55,"column":87}},"35":{"start":{"line":59,"column":0},"end":{"line":62,"column":3}},"36":{"start":{"line":60,"column":2},"end":{"line":60,"column":21}},"37":{"start":{"line":61,"column":2},"end":{"line":61,"column":79}},"38":{"start":{"line":64,"column":0},"end":{"line":64,"column":21}}},"fnMap":{"0":{"name":"(anonymous_0)","decl":{"start":{"line":40,"column":26},"end":{"line":40,"column":27}},"loc":{"start":{"line":40,"column":40},"end":{"line":43,"column":1}},"line":40},"1":{"name":"(anonymous_1)","decl":{"start":{"line":54,"column":23},"end":{"line":54,"column":24}},"loc":{"start":{"line":54,"column":37},"end":{"line":56,"column":1}},"line":54},"2":{"name":"(anonymous_2)","decl":{"start":{"line":59,"column":8},"end":{"line":59,"column":9}},"loc":{"start":{"line":59,"column":33},"end":{"line":62,"column":1}},"line":59}},"branchMap":{"0":{"loc":{"start":{"line":26,"column":0},"end":{"line":33,"column":1}},"type":"if","locations":[{"start":{"line":26,"column":0},"end":{"line":33,"column":1}},{"start":{},"end":{}}],"line":26}},"s":{"0":1,"1":1,"2":1,"3":1,"4":1,"5":1,"6":1,"7":1,"8":1,"9":1,"10":1,"11":1,"12":1,"13":1,"14":1,"15":1,"16":1,"17":1,"18":1,"19":1,"20":0,"21":0,"22":1,"23":1,"24":1,"25":0,"26":0,"27":1,"28":1,"29":1,"30":1,"31":1,"32":1,"33":1,"34":1,"35":1,"36":0,"37":0,"38":1},"f":{"0":0,"1":1,"2":0},"b":{"0":[0,1]},"_coverageSchema":"1a1c01bbd47fc00a2c39e90264f33305004495a9","hash":"e3acb988d3b7d42278a807e052101d9117783b83"}
,"E:\\Kiểm thử phần mềm\\backend\\src\\config\\swagger.js": {"path":"E:\\Kiểm thử phần mềm\\backend\\src\\config\\swagger.js","statementMap":{"0":{"start":{"line":1,"column":21},"end":{"line":1,"column":45}},"1":{"start":{"line":3,"column":16},"end":{"line":33,"column":1}},"2":{"start":{"line":35,"column":20},"end":{"line":35,"column":41}},"3":{"start":{"line":37,"column":0},"end":{"line":37,"column":29}}},"fnMap":{},"branchMap":{},"s":{"0":1,"1":1,"2":1,"3":1},"f":{},"b":{},"_coverageSchema":"1a1c01bbd47fc00a2c39e90264f33305004495a9","hash":"12edc3c8ba7a067ce80ff520c5230837fb32eca0"}
,"E:\\Kiểm thử phần mềm\\backend\\src\\db\\db.js": {"path":"E:\\Kiểm thử phần mềm\\backend\\src\\db\\db.js","statementMap":{"0":{"start":{"line":1,"column":16},"end":{"line":1,"column":44}},"1":{"start":{"line":2,"column":13},"end":{"line":2,"column":28}},"2":{"start":{"line":3,"column":15},"end":{"line":3,"column":34}},"3":{"start":{"line":5,"column":15},"end":{"line":7,"column":45}},"4":{"start":{"line":9,"column":11},"end":{"line":9,"column":39}},"5":{"start":{"line":11,"column":12},"end":{"line":18,"column":1}},"6":{"start":{"line":12,"column":2},"end":{"line":17,"column":5}},"7":{"start":{"line":13,"column":4},"end":{"line":16,"column":7}},"8":{"start":{"line":14,"column":6},"end":{"line":15,"column":63}},"9":{"start":{"line":14,"column":15},"end":{"line":14,"column":27}},"10":{"start":{"line":15,"column":11},"end":{"line":15,"column":63}},"11":{"start":{"line":20,"column":12},"end":{"line":27,"column":1}},"12":{"start":{"line":21,"column":2},"end":{"line":26,"column":5}},"13":{"start":{"line":22,"column":4},"end":{"line":25,"column":7}},"14":{"start":{"line":23,"column":6},"end":{"line":24,"column":24}},"15":{"start":{"line":23,"column":15},"end":{"line":23,"column":27}},"16":{"start":{"line":24,"column":11},"end":{"line":24,"column":24}},"17":{"start":{"line":29,"column":12},"end":{"line":36,"column":1}},"18":{"start":{"line":30,"column":2},"end":{"line":35,"column":5}},"19":{"start":{"line":31,"column":4},"end":{"line":34,"column":7}},"20":{"start":{"line":32,"column":6},"end":{"line":33,"column":25}},"21":{"start":{"line":32,"column":15},"end":{"line":32,"column":27}},"22":{"start":{"line":33,"column":11},"end":{"line":33,"column":25}},"23":{"start":{"line":38,"column":15},"end":{"line":183,"column":1}},"24":{"start":{"line":39,"column":2},"end":{"line":182,"column":5}},"25":{"start":{"line":40,"column":4},"end":{"line":51,"column":7}},"26":{"start":{"line":53,"column":4},"end":{"line":66,"column":7}},"27":{"start":{"line":68,"column":4},"end":{"line":79,"column":7}},"28":{"start":{"line":81,"column":4},"end":{"line":92,"column":7}},"29":{"start":{"line":94,"column":4},"end":{"line":110,"column":7}},"30":{"start":{"line":112,"column":4},"end":{"line":181,"column":12}},"31":{"start":{"line":113,"column":6},"end":{"line":180,"column":7}},"32":{"start":{"line":114,"column":26},"end":{"line":114,"column":74}},"33":{"start":{"line":115,"column":8},"end":{"line":177,"column":9}},"34":{"start":{"line":116,"column":32},"end":{"line":116,"column":65}},"35":{"start":{"line":117,"column":35},"end":{"line":117,"column":71}},"36":{"start":{"line":119,"column":10},"end":{"line":122,"column":12}},"37":{"start":{"line":124,"column":30},"end":{"line":127,"column":11}},"38":{"start":{"line":129,"column":25},"end":{"line":132,"column":11}},"39":{"start":{"line":133,"column":10},"end":{"line":136,"column":12}},"40":{"start":{"line":138,"column":27},"end":{"line":141,"column":11}},"41":{"start":{"line":142,"column":10},"end":{"line":145,"column":12}},"42":{"start":{"line":146,"column":10},"end":{"line":149,"column":12}},"43":{"start":{"line":150,"column":10},"end":{"line":153,"column":12}},"44":{"start":{"line":155,"column":10},"end":{"line":158,"column":12}},"45":{"start":{"line":159,"column":10},"end":{"line":162,"column":12}},"46":{"start":{"line":163,"column":10},"end":{"line":166,"column":12}},"47":{"start":{"line":167,"column":10},"end":{"line":170,"column":12}},"48":{"start":{"line":172,"column":24},"end":{"line":172,"column":62}},"49":{"start":{"line":173,"column":10},"end":{"line":176,"column":12}},"50":{"start":{"line":179,"column":8},"end":{"line":179,"column":48}},"51":{"start":{"line":185,"column":0},"end":{"line":185,"column":47}}},"fnMap":{"0":{"name":"(anonymous_0)","decl":{"start":{"line":11,"column":12},"end":{"line":11,"column":13}},"loc":{"start":{"line":11,"column":34},"end":{"line":18,"column":1}},"line":11},"1":{"name":"(anonymous_1)","decl":{"start":{"line":12,"column":21},"end":{"line":12,"column":22}},"loc":{"start":{"line":12,"column":42},"end":{"line":17,"column":3}},"line":12},"2":{"name":"(anonymous_2)","decl":{"start":{"line":13,"column":24},"end":{"line":13,"column":25}},"loc":{"start":{"line":13,"column":39},"end":{"line":16,"column":5}},"line":13},"3":{"name":"(anonymous_3)","decl":{"start":{"line":20,"column":12},"end":{"line":20,"column":13}},"loc":{"start":{"line":20,"column":34},"end":{"line":27,"column":1}},"line":20},"4":{"name":"(anonymous_4)","decl":{"start":{"line":21,"column":21},"end":{"line":21,"column":22}},"loc":{"start":{"line":21,"column":42},"end":{"line":26,"column":3}},"line":21},"5":{"name":"(anonymous_5)","decl":{"start":{"line":22,"column":24},"end":{"line":22,"column":25}},"loc":{"start":{"line":22,"column":38},"end":{"line":25,"column":5}},"line":22},"6":{"name":"(anonymous_6)","decl":{"start":{"line":29,"column":12},"end":{"line":29,"column":13}},"loc":{"start":{"line":29,"column":34},"end":{"line":36,"column":1}},"line":29},"7":{"name":"(anonymous_7)","decl":{"start":{"line":30,"column":21},"end":{"line":30,"column":22}},"loc":{"start":{"line":30,"column":42},"end":{"line":35,"column":3}},"line":30},"8":{"name":"(anonymous_8)","decl":{"start":{"line":31,"column":24},"end":{"line":31,"column":25}},"loc":{"start":{"line":31,"column":39},"end":{"line":34,"column":5}},"line":31},"9":{"name":"(anonymous_9)","decl":{"start":{"line":38,"column":15},"end":{"line":38,"column":16}},"loc":{"start":{"line":38,"column":27},"end":{"line":183,"column":1}},"line":38},"10":{"name":"(anonymous_10)","decl":{"start":{"line":39,"column":15},"end":{"line":39,"column":16}},"loc":{"start":{"line":39,"column":27},"end":{"line":182,"column":3}},"line":39},"11":{"name":"(anonymous_11)","decl":{"start":{"line":112,"column":15},"end":{"line":112,"column":16}},"loc":{"start":{"line":112,"column":27},"end":{"line":181,"column":5}},"line":112}},"branchMap":{"0":{"loc":{"start":{"line":5,"column":15},"end":{"line":7,"column":45}},"type":"cond-expr","locations":[{"start":{"line":6,"column":4},"end":{"line":6,"column":14}},{"start":{"line":7,"column":4},"end":{"line":7,"column":45}}],"line":5},"1":{"loc":{"start":{"line":11,"column":18},"end":{"line":11,"column":29}},"type":"default-arg","locations":[{"start":{"line":11,"column":27},"end":{"line":11,"column":29}}],"line":11},"2":{"loc":{"start":{"line":14,"column":6},"end":{"line":15,"column":63}},"type":"if","locations":[{"start":{"line":14,"column":6},"end":{"line":15,"column":63}},{"start":{"line":15,"column":11},"end":{"line":15,"column":63}}],"line":14},"3":{"loc":{"start":{"line":20,"column":18},"end":{"line":20,"column":29}},"type":"default-arg","locations":[{"start":{"line":20,"column":27},"end":{"line":20,"column":29}}],"line":20},"4":{"loc":{"start":{"line":23,"column":6},"end":{"line":24,"column":24}},"type":"if","locations":[{"start":{"line":23,"column":6},"end":{"line":24,"column":24}},{"start":{"line":24,"column":11},"end":{"line":24,"column":24}}],"line":23},"5":{"loc":{"start":{"line":29,"column":18},"end":{"line":29,"column":29}},"type":"default-arg","locations":[{"start":{"line":29,"column":27},"end":{"line":29,"column":29}}],"line":29},"6":{"loc":{"start":{"line":32,"column":6},"end":{"line":33,"column":25}},"type":"if","locations":[{"start":{"line":32,"column":6},"end":{"line":33,"column":25}},{"start":{"line":33,"column":11},"end":{"line":33,"column":25}}],"line":32},"7":{"loc":{"start":{"line":115,"column":8},"end":{"line":177,"column":9}},"type":"if","locations":[{"start":{"line":115,"column":8},"end":{"line":177,"column":9}},{"start":{},"end":{}}],"line":115},"8":{"loc":{"start":{"line":115,"column":12},"end":{"line":115,"column":46}},"type":"binary-expr","locations":[{"start":{"line":115,"column":12},"end":{"line":115,"column":21}},{"start":{"line":115,"column":25},"end":{"line":115,"column":46}}],"line":115}},"s":{"0":1,"1":1,"2":1,"3":1,"4":1,"5":1,"6":18,"7":18,"8":18,"9":0,"10":18,"11":1,"12":20,"13":20,"14":20,"15":0,"16":20,"17":1,"18":4,"19":4,"20":4,"21":0,"22":4,"23":1,"24":1,"25":1,"26":1,"27":1,"28":1,"29":1,"30":1,"31":1,"32":1,"33":1,"34":1,"35":1,"36":1,"37":1,"38":1,"39":1,"40":1,"41":1,"42":1,"43":1,"44":1,"45":1,"46":1,"47":1,"48":1,"49":1,"50":0,"51":1},"f":{"0":18,"1":18,"2":18,"3":20,"4":20,"5":20,"6":4,"7":4,"8":4,"9":1,"10":1,"11":1},"b":{"0":[1,0],"1":[0],"2":[0,18],"3":[9],"4":[0,20],"5":[1],"6":[0,4],"7":[1,0],"8":[1,1]},"_coverageSchema":"1a1c01bbd47fc00a2c39e90264f33305004495a9","hash":"6c8fa8afad08b3a125028c7e0fee520136f999bf"}
,"E:\\Kiểm thử phần mềm\\backend\\src\\middleware\\auth.js": {"path":"E:\\Kiểm thử phần mềm\\backend\\src\\middleware\\auth.js","statementMap":{"0":{"start":{"line":1,"column":12},"end":{"line":1,"column":35}},"1":{"start":{"line":3,"column":19},"end":{"line":3,"column":71}},"2":{"start":{"line":5,"column":20},"end":{"line":20,"column":1}},"3":{"start":{"line":6,"column":21},"end":{"line":6,"column":49}},"4":{"start":{"line":7,"column":2},"end":{"line":9,"column":3}},"5":{"start":{"line":8,"column":4},"end":{"line":8,"column":78}},"6":{"start":{"line":11,"column":16},"end":{"line":11,"column":88}},"7":{"start":{"line":13,"column":2},"end":{"line":19,"column":3}},"8":{"start":{"line":14,"column":20},"end":{"line":14,"column":49}},"9":{"start":{"line":15,"column":4},"end":{"line":15,"column":23}},"10":{"start":{"line":16,"column":4},"end":{"line":16,"column":11}},"11":{"start":{"line":18,"column":4},"end":{"line":18,"column":83}},"12":{"start":{"line":22,"column":20},"end":{"line":30,"column":1}},"13":{"start":{"line":23,"column":2},"end":{"line":29,"column":5}},"14":{"start":{"line":24,"column":4},"end":{"line":28,"column":5}},"15":{"start":{"line":25,"column":6},"end":{"line":25,"column":13}},"16":{"start":{"line":27,"column":6},"end":{"line":27,"column":95}},"17":{"start":{"line":32,"column":0},"end":{"line":36,"column":2}}},"fnMap":{"0":{"name":"(anonymous_0)","decl":{"start":{"line":5,"column":20},"end":{"line":5,"column":21}},"loc":{"start":{"line":5,"column":40},"end":{"line":20,"column":1}},"line":5},"1":{"name":"(anonymous_1)","decl":{"start":{"line":22,"column":20},"end":{"line":22,"column":21}},"loc":{"start":{"line":22,"column":40},"end":{"line":30,"column":1}},"line":22},"2":{"name":"(anonymous_2)","decl":{"start":{"line":23,"column":24},"end":{"line":23,"column":25}},"loc":{"start":{"line":23,"column":30},"end":{"line":29,"column":3}},"line":23}},"branchMap":{"0":{"loc":{"start":{"line":3,"column":19},"end":{"line":3,"column":71}},"type":"binary-expr","locations":[{"start":{"line":3,"column":19},"end":{"line":3,"column":41}},{"start":{"line":3,"column":45},"end":{"line":3,"column":71}}],"line":3},"1":{"loc":{"start":{"line":7,"column":2},"end":{"line":9,"column":3}},"type":"if","locations":[{"start":{"line":7,"column":2},"end":{"line":9,"column":3}},{"start":{},"end":{}}],"line":7},"2":{"loc":{"start":{"line":11,"column":16},"end":{"line":11,"column":88}},"type":"cond-expr","locations":[{"start":{"line":11,"column":51},"end":{"line":11,"column":75}},{"start":{"line":11,"column":78},"end":{"line":11,"column":88}}],"line":11},"3":{"loc":{"start":{"line":24,"column":4},"end":{"line":28,"column":5}},"type":"if","locations":[{"start":{"line":24,"column":4},"end":{"line":28,"column":5}},{"start":{"line":26,"column":11},"end":{"line":28,"column":5}}],"line":24},"4":{"loc":{"start":{"line":24,"column":8},"end":{"line":24,"column":45}},"type":"binary-expr","locations":[{"start":{"line":24,"column":8},"end":{"line":24,"column":16}},{"start":{"line":24,"column":20},"end":{"line":24,"column":45}}],"line":24}},"s":{"0":1,"1":1,"2":1,"3":7,"4":7,"5":0,"6":7,"7":7,"8":7,"9":7,"10":7,"11":0,"12":1,"13":3,"14":3,"15":2,"16":1,"17":1},"f":{"0":7,"1":3,"2":3},"b":{"0":[1,1],"1":[0,7],"2":[7,0],"3":[2,1],"4":[3,3]},"_coverageSchema":"1a1c01bbd47fc00a2c39e90264f33305004495a9","hash":"8fbf4246e932305c7cb6a3aa946aa4fca336cb19"}
,"E:\\Kiểm thử phần mềm\\backend\\src\\middleware\\logger.js": {"path":"E:\\Kiểm thử phần mềm\\backend\\src\\middleware\\logger.js","statementMap":{"0":{"start":{"line":1,"column":11},"end":{"line":1,"column":24}},"1":{"start":{"line":2,"column":13},"end":{"line":2,"column":28}},"2":{"start":{"line":4,"column":15},"end":{"line":4,"column":49}},"3":{"start":{"line":5,"column":0},"end":{"line":7,"column":1}},"4":{"start":{"line":6,"column":2},"end":{"line":6,"column":44}},"5":{"start":{"line":9,"column":21},"end":{"line":9,"column":87}},"6":{"start":{"line":10,"column":23},"end":{"line":10,"column":91}},"7":{"start":{"line":12,"column":22},"end":{"line":19,"column":1}},"8":{"start":{"line":13,"column":2},"end":{"line":13,"column":53}},"9":{"start":{"line":13,"column":39},"end":{"line":13,"column":53}},"10":{"start":{"line":15,"column":20},"end":{"line":15,"column":44}},"11":{"start":{"line":16,"column":21},"end":{"line":16,"column":88}},"12":{"start":{"line":17,"column":2},"end":{"line":17,"column":33}},"13":{"start":{"line":18,"column":2},"end":{"line":18,"column":9}},"14":{"start":{"line":21,"column":17},"end":{"line":25,"column":1}},"15":{"start":{"line":22,"column":20},"end":{"line":22,"column":44}},"16":{"start":{"line":23,"column":23},"end":{"line":23,"column":116}},"17":{"start":{"line":24,"column":2},"end":{"line":24,"column":37}},"18":{"start":{"line":27,"column":0},"end":{"line":30,"column":2}}},"fnMap":{"0":{"name":"(anonymous_0)","decl":{"start":{"line":12,"column":22},"end":{"line":12,"column":23}},"loc":{"start":{"line":12,"column":42},"end":{"line":19,"column":1}},"line":12},"1":{"name":"(anonymous_1)","decl":{"start":{"line":21,"column":17},"end":{"line":21,"column":18}},"loc":{"start":{"line":21,"column":31},"end":{"line":25,"column":1}},"line":21}},"branchMap":{"0":{"loc":{"start":{"line":5,"column":0},"end":{"line":7,"column":1}},"type":"if","locations":[{"start":{"line":5,"column":0},"end":{"line":7,"column":1}},{"start":{},"end":{}}],"line":5},"1":{"loc":{"start":{"line":13,"column":2},"end":{"line":13,"column":53}},"type":"if","locations":[{"start":{"line":13,"column":2},"end":{"line":13,"column":53}},{"start":{},"end":{}}],"line":13}},"s":{"0":1,"1":1,"2":1,"3":1,"4":0,"5":1,"6":1,"7":1,"8":14,"9":14,"10":0,"11":0,"12":0,"13":0,"14":1,"15":0,"16":0,"17":0,"18":1},"f":{"0":14,"1":0},"b":{"0":[0,1],"1":[14,0]},"_coverageSchema":"1a1c01bbd47fc00a2c39e90264f33305004495a9","hash":"5f7cd3a045a8207e8985273fdcfc0a4a23b4b2a9"}
,"E:\\Kiểm thử phần mềm\\backend\\src\\routes\\authRoutes.js": {"path":"E:\\Kiểm thử phần mềm\\backend\\src\\routes\\authRoutes.js","statementMap":{"0":{"start":{"line":1,"column":16},"end":{"line":1,"column":34}},"1":{"start":{"line":2,"column":15},"end":{"line":2,"column":31}},"2":{"start":{"line":3,"column":15},"end":{"line":3,"column":34}},"3":{"start":{"line":4,"column":12},"end":{"line":4,"column":35}},"4":{"start":{"line":5,"column":21},"end":{"line":5,"column":40}},"5":{"start":{"line":6,"column":36},"end":{"line":6,"column":65}},"6":{"start":{"line":8,"column":0},"end":{"line":40,"column":3}},"7":{"start":{"line":9,"column":2},"end":{"line":39,"column":3}},"8":{"start":{"line":10,"column":54},"end":{"line":10,"column":62}},"9":{"start":{"line":11,"column":4},"end":{"line":13,"column":5}},"10":{"start":{"line":12,"column":6},"end":{"line":12,"column":95}},"11":{"start":{"line":15,"column":25},"end":{"line":15,"column":83}},"12":{"start":{"line":16,"column":4},"end":{"line":18,"column":5}},"13":{"start":{"line":17,"column":6},"end":{"line":17,"column":87}},"14":{"start":{"line":20,"column":27},"end":{"line":20,"column":58}},"15":{"start":{"line":21,"column":19},"end":{"line":24,"column":5}},"16":{"start":{"line":26,"column":18},"end":{"line":30,"column":5}},"17":{"start":{"line":32,"column":4},"end":{"line":36,"column":7}},"18":{"start":{"line":38,"column":4},"end":{"line":38,"column":74}},"19":{"start":{"line":42,"column":0},"end":{"line":80,"column":3}},"20":{"start":{"line":43,"column":2},"end":{"line":79,"column":3}},"21":{"start":{"line":44,"column":32},"end":{"line":44,"column":40}},"22":{"start":{"line":45,"column":4},"end":{"line":47,"column":5}},"23":{"start":{"line":46,"column":6},"end":{"line":46,"column":83}},"24":{"start":{"line":49,"column":17},"end":{"line":49,"column":74}},"25":{"start":{"line":50,"column":4},"end":{"line":52,"column":5}},"26":{"start":{"line":51,"column":6},"end":{"line":51,"column":87}},"27":{"start":{"line":54,"column":20},"end":{"line":54,"column":65}},"28":{"start":{"line":55,"column":4},"end":{"line":57,"column":5}},"29":{"start":{"line":56,"column":6},"end":{"line":56,"column":87}},"30":{"start":{"line":59,"column":18},"end":{"line":63,"column":5}},"31":{"start":{"line":65,"column":4},"end":{"line":76,"column":7}},"32":{"start":{"line":78,"column":4},"end":{"line":78,"column":74}},"33":{"start":{"line":82,"column":0},"end":{"line":92,"column":3}},"34":{"start":{"line":83,"column":2},"end":{"line":91,"column":3}},"35":{"start":{"line":84,"column":17},"end":{"line":84,"column":125}},"36":{"start":{"line":85,"column":4},"end":{"line":87,"column":5}},"37":{"start":{"line":86,"column":6},"end":{"line":86,"column":87}},"38":{"start":{"line":88,"column":4},"end":{"line":88,"column":19}},"39":{"start":{"line":90,"column":4},"end":{"line":90,"column":74}},"40":{"start":{"line":94,"column":0},"end":{"line":94,"column":24}}},"fnMap":{"0":{"name":"(anonymous_0)","decl":{"start":{"line":8,"column":25},"end":{"line":8,"column":26}},"loc":{"start":{"line":8,"column":45},"end":{"line":40,"column":1}},"line":8},"1":{"name":"(anonymous_1)","decl":{"start":{"line":42,"column":22},"end":{"line":42,"column":23}},"loc":{"start":{"line":42,"column":42},"end":{"line":80,"column":1}},"line":42},"2":{"name":"(anonymous_2)","decl":{"start":{"line":82,"column":31},"end":{"line":82,"column":32}},"loc":{"start":{"line":82,"column":51},"end":{"line":92,"column":1}},"line":82}},"branchMap":{"0":{"loc":{"start":{"line":11,"column":4},"end":{"line":13,"column":5}},"type":"if","locations":[{"start":{"line":11,"column":4},"end":{"line":13,"column":5}},{"start":{},"end":{}}],"line":11},"1":{"loc":{"start":{"line":11,"column":8},"end":{"line":11,"column":36}},"type":"binary-expr","locations":[{"start":{"line":11,"column":8},"end":{"line":11,"column":13}},{"start":{"line":11,"column":17},"end":{"line":11,"column":23}},{"start":{"line":11,"column":27},"end":{"line":11,"column":36}}],"line":11},"2":{"loc":{"start":{"line":16,"column":4},"end":{"line":18,"column":5}},"type":"if","locations":[{"start":{"line":16,"column":4},"end":{"line":18,"column":5}},{"start":{},"end":{}}],"line":16},"3":{"loc":{"start":{"line":23,"column":36},"end":{"line":23,"column":47}},"type":"binary-expr","locations":[{"start":{"line":23,"column":36},"end":{"line":23,"column":41}},{"start":{"line":23,"column":45},"end":{"line":23,"column":47}}],"line":23},"4":{"loc":{"start":{"line":23,"column":49},"end":{"line":23,"column":62}},"type":"binary-expr","locations":[{"start":{"line":23,"column":49},"end":{"line":23,"column":56}},{"start":{"line":23,"column":60},"end":{"line":23,"column":62}}],"line":23},"5":{"loc":{"start":{"line":45,"column":4},"end":{"line":47,"column":5}},"type":"if","locations":[{"start":{"line":45,"column":4},"end":{"line":47,"column":5}},{"start":{},"end":{}}],"line":45},"6":{"loc":{"start":{"line":45,"column":8},"end":{"line":45,"column":27}},"type":"binary-expr","locations":[{"start":{"line":45,"column":8},"end":{"line":45,"column":14}},{"start":{"line":45,"column":18},"end":{"line":45,"column":27}}],"line":45},"7":{"loc":{"start":{"line":50,"column":4},"end":{"line":52,"column":5}},"type":"if","locations":[{"start":{"line":50,"column":4},"end":{"line":52,"column":5}},{"start":{},"end":{}}],"line":50},"8":{"loc":{"start":{"line":55,"column":4},"end":{"line":57,"column":5}},"type":"if","locations":[{"start":{"line":55,"column":4},"end":{"line":57,"column":5}},{"start":{},"end":{}}],"line":55},"9":{"loc":{"start":{"line":85,"column":4},"end":{"line":87,"column":5}},"type":"if","locations":[{"start":{"line":85,"column":4},"end":{"line":87,"column":5}},{"start":{},"end":{}}],"line":85}},"s":{"0":1,"1":1,"2":1,"3":1,"4":1,"5":1,"6":1,"7":1,"8":1,"9":1,"10":0,"11":1,"12":1,"13":0,"14":1,"15":1,"16":1,"17":1,"18":0,"19":1,"20":3,"21":3,"22":3,"23":0,"24":3,"25":3,"26":0,"27":3,"28":3,"29":1,"30":2,"31":2,"32":0,"33":1,"34":0,"35":0,"36":0,"37":0,"38":0,"39":0,"40":1},"f":{"0":1,"1":3,"2":0},"b":{"0":[0,1],"1":[1,1,1],"2":[0,1],"3":[1,0],"4":[1,1],"5":[0,3],"6":[3,3],"7":[0,3],"8":[1,2],"9":[0,0]},"_coverageSchema":"1a1c01bbd47fc00a2c39e90264f33305004495a9","hash":"78f76b8d2ac2d2fbb7fd84b326902f66be0145d4"}
,"E:\\Kiểm thử phần mềm\\backend\\src\\routes\\bookingRoutes.js": {"path":"E:\\Kiểm thử phần mềm\\backend\\src\\routes\\bookingRoutes.js","statementMap":{"0":{"start":{"line":1,"column":16},"end":{"line":1,"column":34}},"1":{"start":{"line":2,"column":15},"end":{"line":2,"column":31}},"2":{"start":{"line":3,"column":26},"end":{"line":3,"column":45}},"3":{"start":{"line":4,"column":37},"end":{"line":4,"column":66}},"4":{"start":{"line":6,"column":0},"end":{"line":23,"column":3}},"5":{"start":{"line":7,"column":2},"end":{"line":22,"column":3}},"6":{"start":{"line":8,"column":21},"end":{"line":17,"column":21}},"7":{"start":{"line":19,"column":4},"end":{"line":19,"column":23}},"8":{"start":{"line":21,"column":4},"end":{"line":21,"column":86}},"9":{"start":{"line":25,"column":0},"end":{"line":56,"column":3}},"10":{"start":{"line":26,"column":2},"end":{"line":55,"column":3}},"11":{"start":{"line":27,"column":29},"end":{"line":27,"column":38}},"12":{"start":{"line":28,"column":14},"end":{"line":38,"column":5}},"13":{"start":{"line":39,"column":19},"end":{"line":39,"column":21}},"14":{"start":{"line":41,"column":4},"end":{"line":44,"column":5}},"15":{"start":{"line":42,"column":6},"end":{"line":42,"column":40}},"16":{"start":{"line":43,"column":6},"end":{"line":43,"column":26}},"17":{"start":{"line":45,"column":4},"end":{"line":48,"column":5}},"18":{"start":{"line":46,"column":6},"end":{"line":46,"column":46}},"19":{"start":{"line":47,"column":6},"end":{"line":47,"column":24}},"20":{"start":{"line":50,"column":4},"end":{"line":50,"column":40}},"21":{"start":{"line":51,"column":21},"end":{"line":51,"column":43}},"22":{"start":{"line":52,"column":4},"end":{"line":52,"column":23}},"23":{"start":{"line":54,"column":4},"end":{"line":54,"column":85}},"24":{"start":{"line":58,"column":0},"end":{"line":113,"column":3}},"25":{"start":{"line":59,"column":2},"end":{"line":112,"column":3}},"26":{"start":{"line":60,"column":77},"end":{"line":60,"column":85}},"27":{"start":{"line":62,"column":4},"end":{"line":64,"column":5}},"28":{"start":{"line":63,"column":6},"end":{"line":63,"column":102}},"29":{"start":{"line":66,"column":20},"end":{"line":66,"column":82}},"30":{"start":{"line":67,"column":4},"end":{"line":69,"column":5}},"31":{"start":{"line":68,"column":6},"end":{"line":68,"column":73}},"32":{"start":{"line":71,"column":4},"end":{"line":77,"column":5}},"33":{"start":{"line":72,"column":21},"end":{"line":75,"column":7}},"34":{"start":{"line":76,"column":6},"end":{"line":76,"column":25}},"35":{"start":{"line":79,"column":4},"end":{"line":81,"column":5}},"36":{"start":{"line":80,"column":6},"end":{"line":80,"column":97}},"37":{"start":{"line":83,"column":16},"end":{"line":83,"column":70}},"38":{"start":{"line":84,"column":4},"end":{"line":86,"column":5}},"39":{"start":{"line":85,"column":6},"end":{"line":85,"column":74}},"40":{"start":{"line":88,"column":23},"end":{"line":88,"column":36}},"41":{"start":{"line":90,"column":19},"end":{"line":94,"column":5}},"42":{"start":{"line":96,"column":27},"end":{"line":104,"column":19}},"43":{"start":{"line":106,"column":4},"end":{"line":109,"column":7}},"44":{"start":{"line":111,"column":4},"end":{"line":111,"column":78}},"45":{"start":{"line":115,"column":0},"end":{"line":143,"column":3}},"46":{"start":{"line":116,"column":2},"end":{"line":142,"column":3}},"47":{"start":{"line":117,"column":23},"end":{"line":117,"column":31}},"48":{"start":{"line":118,"column":28},"end":{"line":118,"column":93}},"49":{"start":{"line":119,"column":4},"end":{"line":121,"column":5}},"50":{"start":{"line":120,"column":6},"end":{"line":120,"column":75}},"51":{"start":{"line":123,"column":20},"end":{"line":123,"column":85}},"52":{"start":{"line":124,"column":4},"end":{"line":126,"column":5}},"53":{"start":{"line":125,"column":6},"end":{"line":125,"column":75}},"54":{"start":{"line":128,"column":4},"end":{"line":130,"column":5}},"55":{"start":{"line":129,"column":6},"end":{"line":129,"column":87}},"56":{"start":{"line":132,"column":4},"end":{"line":134,"column":5}},"57":{"start":{"line":133,"column":6},"end":{"line":133,"column":86}},"58":{"start":{"line":136,"column":4},"end":{"line":136,"column":86}},"59":{"start":{"line":138,"column":20},"end":{"line":138,"column":85}},"60":{"start":{"line":139,"column":4},"end":{"line":139,"column":88}},"61":{"start":{"line":141,"column":4},"end":{"line":141,"column":83}},"62":{"start":{"line":145,"column":0},"end":{"line":145,"column":24}}},"fnMap":{"0":{"name":"(anonymous_0)","decl":{"start":{"line":6,"column":40},"end":{"line":6,"column":41}},"loc":{"start":{"line":6,"column":60},"end":{"line":23,"column":1}},"line":6},"1":{"name":"(anonymous_1)","decl":{"start":{"line":25,"column":29},"end":{"line":25,"column":30}},"loc":{"start":{"line":25,"column":49},"end":{"line":56,"column":1}},"line":25},"2":{"name":"(anonymous_2)","decl":{"start":{"line":58,"column":30},"end":{"line":58,"column":31}},"loc":{"start":{"line":58,"column":50},"end":{"line":113,"column":1}},"line":58},"3":{"name":"(anonymous_3)","decl":{"start":{"line":115,"column":41},"end":{"line":115,"column":42}},"loc":{"start":{"line":115,"column":61},"end":{"line":143,"column":1}},"line":115}},"branchMap":{"0":{"loc":{"start":{"line":41,"column":4},"end":{"line":44,"column":5}},"type":"if","locations":[{"start":{"line":41,"column":4},"end":{"line":44,"column":5}},{"start":{},"end":{}}],"line":41},"1":{"loc":{"start":{"line":45,"column":4},"end":{"line":48,"column":5}},"type":"if","locations":[{"start":{"line":45,"column":4},"end":{"line":48,"column":5}},{"start":{},"end":{}}],"line":45},"2":{"loc":{"start":{"line":62,"column":4},"end":{"line":64,"column":5}},"type":"if","locations":[{"start":{"line":62,"column":4},"end":{"line":64,"column":5}},{"start":{},"end":{}}],"line":62},"3":{"loc":{"start":{"line":62,"column":8},"end":{"line":62,"column":53}},"type":"binary-expr","locations":[{"start":{"line":62,"column":8},"end":{"line":62,"column":19}},{"start":{"line":62,"column":23},"end":{"line":62,"column":36}},{"start":{"line":62,"column":40},"end":{"line":62,"column":53}}],"line":62},"4":{"loc":{"start":{"line":67,"column":4},"end":{"line":69,"column":5}},"type":"if","locations":[{"start":{"line":67,"column":4},"end":{"line":69,"column":5}},{"start":{},"end":{}}],"line":67},"5":{"loc":{"start":{"line":71,"column":4},"end":{"line":77,"column":5}},"type":"if","locations":[{"start":{"line":71,"column":4},"end":{"line":77,"column":5}},{"start":{},"end":{}}],"line":71},"6":{"loc":{"start":{"line":71,"column":8},"end":{"line":71,"column":42}},"type":"binary-expr","locations":[{"start":{"line":71,"column":8},"end":{"line":71,"column":15}},{"start":{"line":71,"column":19},"end":{"line":71,"column":26}},{"start":{"line":71,"column":30},"end":{"line":71,"column":42}}],"line":71},"7":{"loc":{"start":{"line":74,"column":36},"end":{"line":74,"column":57}},"type":"binary-expr","locations":[{"start":{"line":74,"column":36},"end":{"line":74,"column":48}},{"start":{"line":74,"column":52},"end":{"line":74,"column":57}}],"line":74},"8":{"loc":{"start":{"line":74,"column":59},"end":{"line":74,"column":78}},"type":"binary-expr","locations":[{"start":{"line":74,"column":59},"end":{"line":74,"column":72}},{"start":{"line":74,"column":76},"end":{"line":74,"column":78}}],"line":74},"9":{"loc":{"start":{"line":74,"column":80},"end":{"line":74,"column":96}},"type":"binary-expr","locations":[{"start":{"line":74,"column":80},"end":{"line":74,"column":91}},{"start":{"line":74,"column":95},"end":{"line":74,"column":96}}],"line":74},"10":{"loc":{"start":{"line":74,"column":98},"end":{"line":74,"column":117}},"type":"binary-expr","locations":[{"start":{"line":74,"column":98},"end":{"line":74,"column":112}},{"start":{"line":74,"column":116},"end":{"line":74,"column":117}}],"line":74},"11":{"loc":{"start":{"line":74,"column":119},"end":{"line":74,"column":138}},"type":"binary-expr","locations":[{"start":{"line":74,"column":119},"end":{"line":74,"column":132}},{"start":{"line":74,"column":136},"end":{"line":74,"column":138}}],"line":74},"12":{"loc":{"start":{"line":79,"column":4},"end":{"line":81,"column":5}},"type":"if","locations":[{"start":{"line":79,"column":4},"end":{"line":81,"column":5}},{"start":{},"end":{}}],"line":79},"13":{"loc":{"start":{"line":84,"column":4},"end":{"line":86,"column":5}},"type":"if","locations":[{"start":{"line":84,"column":4},"end":{"line":86,"column":5}},{"start":{},"end":{}}],"line":84},"14":{"loc":{"start":{"line":93,"column":68},"end":{"line":93,"column":79}},"type":"binary-expr","locations":[{"start":{"line":93,"column":68},"end":{"line":93,"column":73}},{"start":{"line":93,"column":77},"end":{"line":93,"column":79}}],"line":93},"15":{"loc":{"start":{"line":119,"column":4},"end":{"line":121,"column":5}},"type":"if","locations":[{"start":{"line":119,"column":4},"end":{"line":121,"column":5}},{"start":{},"end":{}}],"line":119},"16":{"loc":{"start":{"line":124,"column":4},"end":{"line":126,"column":5}},"type":"if","locations":[{"start":{"line":124,"column":4},"end":{"line":126,"column":5}},{"start":{},"end":{}}],"line":124},"17":{"loc":{"start":{"line":128,"column":4},"end":{"line":130,"column":5}},"type":"if","locations":[{"start":{"line":128,"column":4},"end":{"line":130,"column":5}},{"start":{},"end":{}}],"line":128},"18":{"loc":{"start":{"line":128,"column":8},"end":{"line":128,"column":68}},"type":"binary-expr","locations":[{"start":{"line":128,"column":8},"end":{"line":128,"column":33}},{"start":{"line":128,"column":37},"end":{"line":128,"column":68}}],"line":128},"19":{"loc":{"start":{"line":132,"column":4},"end":{"line":134,"column":5}},"type":"if","locations":[{"start":{"line":132,"column":4},"end":{"line":134,"column":5}},{"start":{},"end":{}}],"line":132},"20":{"loc":{"start":{"line":132,"column":8},"end":{"line":132,"column":59}},"type":"binary-expr","locations":[{"start":{"line":132,"column":8},"end":{"line":132,"column":33}},{"start":{"line":132,"column":37},"end":{"line":132,"column":59}}],"line":132}},"s":{"0":1,"1":1,"2":1,"3":1,"4":1,"5":0,"6":0,"7":0,"8":0,"9":1,"10":0,"11":0,"12":0,"13":0,"14":0,"15":0,"16":0,"17":0,"18":0,"19":0,"20":0,"21":0,"22":0,"23":0,"24":1,"25":1,"26":1,"27":1,"28":0,"29":1,"30":1,"31":0,"32":1,"33":0,"34":0,"35":1,"36":0,"37":1,"38":1,"39":0,"40":1,"41":1,"42":1,"43":1,"44":0,"45":1,"46":1,"47":1,"48":1,"49":1,"50":0,"51":1,"52":1,"53":0,"54":1,"55":0,"56":1,"57":0,"58":1,"59":1,"60":1,"61":0,"62":1},"f":{"0":0,"1":0,"2":1,"3":1},"b":{"0":[0,0],"1":[0,0],"2":[0,1],"3":[1,1,1],"4":[0,1],"5":[0,1],"6":[1,0,0],"7":[0,0],"8":[0,0],"9":[0,0],"10":[0,0],"11":[0,0],"12":[0,1],"13":[0,1],"14":[1,0],"15":[0,1],"16":[0,1],"17":[0,1],"18":[1,0],"19":[0,1],"20":[1,0]},"_coverageSchema":"1a1c01bbd47fc00a2c39e90264f33305004495a9","hash":"d88061064713695953612a036df55fdacd30526d"}
,"E:\\Kiểm thử phần mềm\\backend\\src\\routes\\dashboardRoutes.js": {"path":"E:\\Kiểm thử phần mềm\\backend\\src\\routes\\dashboardRoutes.js","statementMap":{"0":{"start":{"line":1,"column":16},"end":{"line":1,"column":34}},"1":{"start":{"line":2,"column":15},"end":{"line":2,"column":31}},"2":{"start":{"line":3,"column":21},"end":{"line":3,"column":40}},"3":{"start":{"line":4,"column":24},"end":{"line":4,"column":53}},"4":{"start":{"line":6,"column":0},"end":{"line":48,"column":3}},"5":{"start":{"line":7,"column":2},"end":{"line":47,"column":3}},"6":{"start":{"line":8,"column":27},"end":{"line":8,"column":99}},"7":{"start":{"line":9,"column":22},"end":{"line":9,"column":69}},"8":{"start":{"line":10,"column":26},"end":{"line":10,"column":77}},"9":{"start":{"line":11,"column":28},"end":{"line":11,"column":104}},"10":{"start":{"line":12,"column":30},"end":{"line":12,"column":108}},"11":{"start":{"line":13,"column":25},"end":{"line":13,"column":111}},"12":{"start":{"line":15,"column":28},"end":{"line":20,"column":6}},"13":{"start":{"line":22,"column":29},"end":{"line":22,"column":97}},"14":{"start":{"line":24,"column":27},"end":{"line":32,"column":6}},"15":{"start":{"line":34,"column":4},"end":{"line":44,"column":7}},"16":{"start":{"line":46,"column":4},"end":{"line":46,"column":95}},"17":{"start":{"line":50,"column":0},"end":{"line":50,"column":24}}},"fnMap":{"0":{"name":"(anonymous_0)","decl":{"start":{"line":6,"column":36},"end":{"line":6,"column":37}},"loc":{"start":{"line":6,"column":56},"end":{"line":48,"column":1}},"line":6}},"branchMap":{"0":{"loc":{"start":{"line":35,"column":23},"end":{"line":35,"column":49}},"type":"binary-expr","locations":[{"start":{"line":35,"column":23},"end":{"line":35,"column":44}},{"start":{"line":35,"column":48},"end":{"line":35,"column":49}}],"line":35},"1":{"loc":{"start":{"line":36,"column":18},"end":{"line":36,"column":39}},"type":"binary-expr","locations":[{"start":{"line":36,"column":18},"end":{"line":36,"column":34}},{"start":{"line":36,"column":38},"end":{"line":36,"column":39}}],"line":36},"2":{"loc":{"start":{"line":37,"column":22},"end":{"line":37,"column":47}},"type":"binary-expr","locations":[{"start":{"line":37,"column":22},"end":{"line":37,"column":42}},{"start":{"line":37,"column":46},"end":{"line":37,"column":47}}],"line":37},"3":{"loc":{"start":{"line":38,"column":24},"end":{"line":38,"column":51}},"type":"binary-expr","locations":[{"start":{"line":38,"column":24},"end":{"line":38,"column":46}},{"start":{"line":38,"column":50},"end":{"line":38,"column":51}}],"line":38},"4":{"loc":{"start":{"line":39,"column":26},"end":{"line":39,"column":55}},"type":"binary-expr","locations":[{"start":{"line":39,"column":26},"end":{"line":39,"column":50}},{"start":{"line":39,"column":54},"end":{"line":39,"column":55}}],"line":39},"5":{"loc":{"start":{"line":40,"column":21},"end":{"line":40,"column":45}},"type":"binary-expr","locations":[{"start":{"line":40,"column":21},"end":{"line":40,"column":40}},{"start":{"line":40,"column":44},"end":{"line":40,"column":45}}],"line":40},"6":{"loc":{"start":{"line":41,"column":25},"end":{"line":41,"column":52}},"type":"binary-expr","locations":[{"start":{"line":41,"column":25},"end":{"line":41,"column":47}},{"start":{"line":41,"column":51},"end":{"line":41,"column":52}}],"line":41},"7":{"loc":{"start":{"line":42,"column":26},"end":{"line":42,"column":54}},"type":"binary-expr","locations":[{"start":{"line":42,"column":26},"end":{"line":42,"column":49}},{"start":{"line":42,"column":53},"end":{"line":42,"column":54}}],"line":42},"8":{"loc":{"start":{"line":43,"column":23},"end":{"line":43,"column":43}},"type":"binary-expr","locations":[{"start":{"line":43,"column":23},"end":{"line":43,"column":37}},{"start":{"line":43,"column":41},"end":{"line":43,"column":43}}],"line":43}},"s":{"0":1,"1":1,"2":1,"3":1,"4":1,"5":1,"6":1,"7":1,"8":1,"9":1,"10":1,"11":1,"12":1,"13":1,"14":1,"15":1,"16":0,"17":1},"f":{"0":1},"b":{"0":[1,0],"1":[1,0],"2":[1,0],"3":[1,0],"4":[1,1],"5":[1,1],"6":[1,1],"7":[1,1],"8":[1,0]},"_coverageSchema":"1a1c01bbd47fc00a2c39e90264f33305004495a9","hash":"5574750bc6fa59ee62d98aea25b655283726a28a"}
,"E:\\Kiểm thử phần mềm\\backend\\src\\routes\\petRoutes.js": {"path":"E:\\Kiểm thử phần mềm\\backend\\src\\routes\\petRoutes.js","statementMap":{"0":{"start":{"line":1,"column":16},"end":{"line":1,"column":34}},"1":{"start":{"line":2,"column":15},"end":{"line":2,"column":31}},"2":{"start":{"line":3,"column":26},"end":{"line":3,"column":45}},"3":{"start":{"line":4,"column":37},"end":{"line":4,"column":66}},"4":{"start":{"line":6,"column":0},"end":{"line":13,"column":3}},"5":{"start":{"line":7,"column":2},"end":{"line":12,"column":3}},"6":{"start":{"line":8,"column":17},"end":{"line":8,"column":98}},"7":{"start":{"line":9,"column":4},"end":{"line":9,"column":19}},"8":{"start":{"line":11,"column":4},"end":{"line":11,"column":88}},"9":{"start":{"line":15,"column":0},"end":{"line":27,"column":3}},"10":{"start":{"line":16,"column":2},"end":{"line":26,"column":3}},"11":{"start":{"line":17,"column":17},"end":{"line":22,"column":6}},"12":{"start":{"line":23,"column":4},"end":{"line":23,"column":19}},"13":{"start":{"line":25,"column":4},"end":{"line":25,"column":85}},"14":{"start":{"line":29,"column":0},"end":{"line":46,"column":3}},"15":{"start":{"line":30,"column":2},"end":{"line":45,"column":3}},"16":{"start":{"line":31,"column":54},"end":{"line":31,"column":62}},"17":{"start":{"line":32,"column":4},"end":{"line":34,"column":5}},"18":{"start":{"line":33,"column":6},"end":{"line":33,"column":76}},"19":{"start":{"line":36,"column":19},"end":{"line":39,"column":5}},"20":{"start":{"line":41,"column":19},"end":{"line":41,"column":76}},"21":{"start":{"line":42,"column":4},"end":{"line":42,"column":80}},"22":{"start":{"line":44,"column":4},"end":{"line":44,"column":79}},"23":{"start":{"line":48,"column":0},"end":{"line":70,"column":3}},"24":{"start":{"line":49,"column":2},"end":{"line":69,"column":3}},"25":{"start":{"line":50,"column":16},"end":{"line":50,"column":77}},"26":{"start":{"line":51,"column":4},"end":{"line":53,"column":5}},"27":{"start":{"line":52,"column":6},"end":{"line":52,"column":75}},"28":{"start":{"line":55,"column":4},"end":{"line":57,"column":5}},"29":{"start":{"line":56,"column":6},"end":{"line":56,"column":93}},"30":{"start":{"line":59,"column":54},"end":{"line":59,"column":62}},"31":{"start":{"line":60,"column":4},"end":{"line":63,"column":6}},"32":{"start":{"line":65,"column":20},"end":{"line":65,"column":81}},"33":{"start":{"line":66,"column":4},"end":{"line":66,"column":73}},"34":{"start":{"line":68,"column":4},"end":{"line":68,"column":83}},"35":{"start":{"line":72,"column":0},"end":{"line":88,"column":3}},"36":{"start":{"line":73,"column":2},"end":{"line":87,"column":3}},"37":{"start":{"line":74,"column":16},"end":{"line":74,"column":77}},"38":{"start":{"line":75,"column":4},"end":{"line":77,"column":5}},"39":{"start":{"line":76,"column":6},"end":{"line":76,"column":75}},"40":{"start":{"line":79,"column":4},"end":{"line":81,"column":5}},"41":{"start":{"line":80,"column":6},"end":{"line":80,"column":87}},"42":{"start":{"line":83,"column":4},"end":{"line":83,"column":64}},"43":{"start":{"line":84,"column":4},"end":{"line":84,"column":54}},"44":{"start":{"line":86,"column":4},"end":{"line":86,"column":78}},"45":{"start":{"line":90,"column":0},"end":{"line":90,"column":24}}},"fnMap":{"0":{"name":"(anonymous_0)","decl":{"start":{"line":6,"column":36},"end":{"line":6,"column":37}},"loc":{"start":{"line":6,"column":56},"end":{"line":13,"column":1}},"line":6},"1":{"name":"(anonymous_1)","decl":{"start":{"line":15,"column":29},"end":{"line":15,"column":30}},"loc":{"start":{"line":15,"column":49},"end":{"line":27,"column":1}},"line":15},"2":{"name":"(anonymous_2)","decl":{"start":{"line":29,"column":30},"end":{"line":29,"column":31}},"loc":{"start":{"line":29,"column":50},"end":{"line":46,"column":1}},"line":29},"3":{"name":"(anonymous_3)","decl":{"start":{"line":48,"column":32},"end":{"line":48,"column":33}},"loc":{"start":{"line":48,"column":52},"end":{"line":70,"column":1}},"line":48},"4":{"name":"(anonymous_4)","decl":{"start":{"line":72,"column":35},"end":{"line":72,"column":36}},"loc":{"start":{"line":72,"column":55},"end":{"line":88,"column":1}},"line":72}},"branchMap":{"0":{"loc":{"start":{"line":32,"column":4},"end":{"line":34,"column":5}},"type":"if","locations":[{"start":{"line":32,"column":4},"end":{"line":34,"column":5}},{"start":{},"end":{}}],"line":32},"1":{"loc":{"start":{"line":38,"column":26},"end":{"line":38,"column":39}},"type":"binary-expr","locations":[{"start":{"line":38,"column":26},"end":{"line":38,"column":30}},{"start":{"line":38,"column":34},"end":{"line":38,"column":39}}],"line":38},"2":{"loc":{"start":{"line":38,"column":41},"end":{"line":38,"column":52}},"type":"binary-expr","locations":[{"start":{"line":38,"column":41},"end":{"line":38,"column":46}},{"start":{"line":38,"column":50},"end":{"line":38,"column":52}}],"line":38},"3":{"loc":{"start":{"line":38,"column":54},"end":{"line":38,"column":62}},"type":"binary-expr","locations":[{"start":{"line":38,"column":54},"end":{"line":38,"column":57}},{"start":{"line":38,"column":61},"end":{"line":38,"column":62}}],"line":38},"4":{"loc":{"start":{"line":38,"column":64},"end":{"line":38,"column":77}},"type":"binary-expr","locations":[{"start":{"line":38,"column":64},"end":{"line":38,"column":70}},{"start":{"line":38,"column":74},"end":{"line":38,"column":77}}],"line":38},"5":{"loc":{"start":{"line":38,"column":79},"end":{"line":38,"column":90}},"type":"binary-expr","locations":[{"start":{"line":38,"column":79},"end":{"line":38,"column":84}},{"start":{"line":38,"column":88},"end":{"line":38,"column":90}}],"line":38},"6":{"loc":{"start":{"line":51,"column":4},"end":{"line":53,"column":5}},"type":"if","locations":[{"start":{"line":51,"column":4},"end":{"line":53,"column":5}},{"start":{},"end":{}}],"line":51},"7":{"loc":{"start":{"line":55,"column":4},"end":{"line":57,"column":5}},"type":"if","locations":[{"start":{"line":55,"column":4},"end":{"line":57,"column":5}},{"start":{},"end":{}}],"line":55},"8":{"loc":{"start":{"line":55,"column":8},"end":{"line":55,"column":64}},"type":"binary-expr","locations":[{"start":{"line":55,"column":8},"end":{"line":55,"column":35}},{"start":{"line":55,"column":39},"end":{"line":55,"column":64}}],"line":55},"9":{"loc":{"start":{"line":62,"column":7},"end":{"line":62,"column":23}},"type":"binary-expr","locations":[{"start":{"line":62,"column":7},"end":{"line":62,"column":11}},{"start":{"line":62,"column":15},"end":{"line":62,"column":23}}],"line":62},"10":{"loc":{"start":{"line":62,"column":25},"end":{"line":62,"column":41}},"type":"binary-expr","locations":[{"start":{"line":62,"column":25},"end":{"line":62,"column":29}},{"start":{"line":62,"column":33},"end":{"line":62,"column":41}}],"line":62},"11":{"loc":{"start":{"line":62,"column":43},"end":{"line":62,"column":61}},"type":"binary-expr","locations":[{"start":{"line":62,"column":43},"end":{"line":62,"column":48}},{"start":{"line":62,"column":52},"end":{"line":62,"column":61}}],"line":62},"12":{"loc":{"start":{"line":62,"column":63},"end":{"line":62,"column":77}},"type":"binary-expr","locations":[{"start":{"line":62,"column":63},"end":{"line":62,"column":66}},{"start":{"line":62,"column":70},"end":{"line":62,"column":77}}],"line":62},"13":{"loc":{"start":{"line":62,"column":79},"end":{"line":62,"column":99}},"type":"binary-expr","locations":[{"start":{"line":62,"column":79},"end":{"line":62,"column":85}},{"start":{"line":62,"column":89},"end":{"line":62,"column":99}}],"line":62},"14":{"loc":{"start":{"line":62,"column":101},"end":{"line":62,"column":119}},"type":"binary-expr","locations":[{"start":{"line":62,"column":101},"end":{"line":62,"column":106}},{"start":{"line":62,"column":110},"end":{"line":62,"column":119}}],"line":62},"15":{"loc":{"start":{"line":75,"column":4},"end":{"line":77,"column":5}},"type":"if","locations":[{"start":{"line":75,"column":4},"end":{"line":77,"column":5}},{"start":{},"end":{}}],"line":75},"16":{"loc":{"start":{"line":79,"column":4},"end":{"line":81,"column":5}},"type":"if","locations":[{"start":{"line":79,"column":4},"end":{"line":81,"column":5}},{"start":{},"end":{}}],"line":79},"17":{"loc":{"start":{"line":79,"column":8},"end":{"line":79,"column":64}},"type":"binary-expr","locations":[{"start":{"line":79,"column":8},"end":{"line":79,"column":35}},{"start":{"line":79,"column":39},"end":{"line":79,"column":64}}],"line":79}},"s":{"0":1,"1":1,"2":1,"3":1,"4":1,"5":1,"6":1,"7":1,"8":0,"9":1,"10":0,"11":0,"12":0,"13":0,"14":1,"15":1,"16":1,"17":1,"18":0,"19":1,"20":1,"21":1,"22":0,"23":1,"24":0,"25":0,"26":0,"27":0,"28":0,"29":0,"30":0,"31":0,"32":0,"33":0,"34":0,"35":1,"36":0,"37":0,"38":0,"39":0,"40":0,"41":0,"42":0,"43":0,"44":0,"45":1},"f":{"0":1,"1":0,"2":1,"3":0,"4":0},"b":{"0":[0,1],"1":[1,0],"2":[1,0],"3":[1,0],"4":[1,0],"5":[1,0],"6":[0,0],"7":[0,0],"8":[0,0],"9":[0,0],"10":[0,0],"11":[0,0],"12":[0,0],"13":[0,0],"14":[0,0],"15":[0,0],"16":[0,0],"17":[0,0]},"_coverageSchema":"1a1c01bbd47fc00a2c39e90264f33305004495a9","hash":"a0ece747f94290bedb8e4dabda2993d375a91e13"}
,"E:\\Kiểm thử phần mềm\\backend\\src\\routes\\productRoutes.js": {"path":"E:\\Kiểm thử phần mềm\\backend\\src\\routes\\productRoutes.js","statementMap":{"0":{"start":{"line":1,"column":16},"end":{"line":1,"column":34}},"1":{"start":{"line":2,"column":15},"end":{"line":2,"column":31}},"2":{"start":{"line":3,"column":26},"end":{"line":3,"column":45}},"3":{"start":{"line":4,"column":24},"end":{"line":4,"column":53}},"4":{"start":{"line":6,"column":0},"end":{"line":27,"column":3}},"5":{"start":{"line":7,"column":2},"end":{"line":26,"column":3}},"6":{"start":{"line":8,"column":33},"end":{"line":8,"column":42}},"7":{"start":{"line":9,"column":14},"end":{"line":9,"column":48}},"8":{"start":{"line":10,"column":19},"end":{"line":10,"column":21}},"9":{"start":{"line":12,"column":4},"end":{"line":15,"column":5}},"10":{"start":{"line":13,"column":6},"end":{"line":13,"column":33}},"11":{"start":{"line":14,"column":6},"end":{"line":14,"column":28}},"12":{"start":{"line":16,"column":4},"end":{"line":19,"column":5}},"13":{"start":{"line":17,"column":6},"end":{"line":17,"column":56}},"14":{"start":{"line":18,"column":6},"end":{"line":18,"column":48}},"15":{"start":{"line":21,"column":4},"end":{"line":21,"column":31}},"16":{"start":{"line":22,"column":21},"end":{"line":22,"column":43}},"17":{"start":{"line":23,"column":4},"end":{"line":23,"column":23}},"18":{"start":{"line":25,"column":4},"end":{"line":25,"column":88}},"19":{"start":{"line":29,"column":0},"end":{"line":39,"column":3}},"20":{"start":{"line":30,"column":2},"end":{"line":38,"column":3}},"21":{"start":{"line":31,"column":20},"end":{"line":31,"column":85}},"22":{"start":{"line":32,"column":4},"end":{"line":34,"column":5}},"23":{"start":{"line":33,"column":6},"end":{"line":33,"column":74}},"24":{"start":{"line":35,"column":4},"end":{"line":35,"column":22}},"25":{"start":{"line":37,"column":4},"end":{"line":37,"column":87}},"26":{"start":{"line":41,"column":0},"end":{"line":58,"column":3}},"27":{"start":{"line":42,"column":2},"end":{"line":57,"column":3}},"28":{"start":{"line":43,"column":65},"end":{"line":43,"column":73}},"29":{"start":{"line":44,"column":4},"end":{"line":46,"column":5}},"30":{"start":{"line":45,"column":6},"end":{"line":45,"column":83}},"31":{"start":{"line":48,"column":19},"end":{"line":51,"column":5}},"32":{"start":{"line":53,"column":23},"end":{"line":53,"column":84}},"33":{"start":{"line":54,"column":4},"end":{"line":54,"column":88}},"34":{"start":{"line":56,"column":4},"end":{"line":56,"column":79}},"35":{"start":{"line":60,"column":0},"end":{"line":78,"column":3}},"36":{"start":{"line":61,"column":2},"end":{"line":77,"column":3}},"37":{"start":{"line":62,"column":65},"end":{"line":62,"column":73}},"38":{"start":{"line":63,"column":21},"end":{"line":63,"column":87}},"39":{"start":{"line":64,"column":4},"end":{"line":66,"column":5}},"40":{"start":{"line":65,"column":6},"end":{"line":65,"column":74}},"41":{"start":{"line":68,"column":4},"end":{"line":71,"column":6}},"42":{"start":{"line":73,"column":20},"end":{"line":73,"column":85}},"43":{"start":{"line":74,"column":4},"end":{"line":74,"column":77}},"44":{"start":{"line":76,"column":4},"end":{"line":76,"column":83}},"45":{"start":{"line":80,"column":0},"end":{"line":92,"column":3}},"46":{"start":{"line":81,"column":2},"end":{"line":91,"column":3}},"47":{"start":{"line":82,"column":21},"end":{"line":82,"column":87}},"48":{"start":{"line":83,"column":4},"end":{"line":85,"column":5}},"49":{"start":{"line":84,"column":6},"end":{"line":84,"column":74}},"50":{"start":{"line":87,"column":4},"end":{"line":87,"column":68}},"51":{"start":{"line":88,"column":4},"end":{"line":88,"column":54}},"52":{"start":{"line":90,"column":4},"end":{"line":90,"column":78}},"53":{"start":{"line":94,"column":0},"end":{"line":94,"column":24}}},"fnMap":{"0":{"name":"(anonymous_0)","decl":{"start":{"line":6,"column":16},"end":{"line":6,"column":17}},"loc":{"start":{"line":6,"column":36},"end":{"line":27,"column":1}},"line":6},"1":{"name":"(anonymous_1)","decl":{"start":{"line":29,"column":19},"end":{"line":29,"column":20}},"loc":{"start":{"line":29,"column":39},"end":{"line":39,"column":1}},"line":29},"2":{"name":"(anonymous_2)","decl":{"start":{"line":41,"column":30},"end":{"line":41,"column":31}},"loc":{"start":{"line":41,"column":50},"end":{"line":58,"column":1}},"line":41},"3":{"name":"(anonymous_3)","decl":{"start":{"line":60,"column":32},"end":{"line":60,"column":33}},"loc":{"start":{"line":60,"column":52},"end":{"line":78,"column":1}},"line":60},"4":{"name":"(anonymous_4)","decl":{"start":{"line":80,"column":35},"end":{"line":80,"column":36}},"loc":{"start":{"line":80,"column":55},"end":{"line":92,"column":1}},"line":80}},"branchMap":{"0":{"loc":{"start":{"line":12,"column":4},"end":{"line":15,"column":5}},"type":"if","locations":[{"start":{"line":12,"column":4},"end":{"line":15,"column":5}},{"start":{},"end":{}}],"line":12},"1":{"loc":{"start":{"line":16,"column":4},"end":{"line":19,"column":5}},"type":"if","locations":[{"start":{"line":16,"column":4},"end":{"line":19,"column":5}},{"start":{},"end":{}}],"line":16},"2":{"loc":{"start":{"line":32,"column":4},"end":{"line":34,"column":5}},"type":"if","locations":[{"start":{"line":32,"column":4},"end":{"line":34,"column":5}},{"start":{},"end":{}}],"line":32},"3":{"loc":{"start":{"line":44,"column":4},"end":{"line":46,"column":5}},"type":"if","locations":[{"start":{"line":44,"column":4},"end":{"line":46,"column":5}},{"start":{},"end":{}}],"line":44},"4":{"loc":{"start":{"line":44,"column":8},"end":{"line":44,"column":36}},"type":"binary-expr","locations":[{"start":{"line":44,"column":8},"end":{"line":44,"column":13}},{"start":{"line":44,"column":17},"end":{"line":44,"column":36}}],"line":44},"5":{"loc":{"start":{"line":50,"column":13},"end":{"line":50,"column":30}},"type":"binary-expr","locations":[{"start":{"line":50,"column":13},"end":{"line":50,"column":24}},{"start":{"line":50,"column":28},"end":{"line":50,"column":30}}],"line":50},"6":{"loc":{"start":{"line":50,"column":39},"end":{"line":50,"column":57}},"type":"binary-expr","locations":[{"start":{"line":50,"column":39},"end":{"line":50,"column":47}},{"start":{"line":50,"column":51},"end":{"line":50,"column":57}}],"line":50},"7":{"loc":{"start":{"line":50,"column":59},"end":{"line":50,"column":70}},"type":"binary-expr","locations":[{"start":{"line":50,"column":59},"end":{"line":50,"column":64}},{"start":{"line":50,"column":68},"end":{"line":50,"column":70}}],"line":50},"8":{"loc":{"start":{"line":50,"column":72},"end":{"line":50,"column":83}},"type":"binary-expr","locations":[{"start":{"line":50,"column":72},"end":{"line":50,"column":77}},{"start":{"line":50,"column":81},"end":{"line":50,"column":83}}],"line":50},"9":{"loc":{"start":{"line":64,"column":4},"end":{"line":66,"column":5}},"type":"if","locations":[{"start":{"line":64,"column":4},"end":{"line":66,"column":5}},{"start":{},"end":{}}],"line":64},"10":{"loc":{"start":{"line":83,"column":4},"end":{"line":85,"column":5}},"type":"if","locations":[{"start":{"line":83,"column":4},"end":{"line":85,"column":5}},{"start":{},"end":{}}],"line":83}},"s":{"0":1,"1":1,"2":1,"3":1,"4":1,"5":1,"6":1,"7":1,"8":1,"9":1,"10":0,"11":0,"12":1,"13":0,"14":0,"15":1,"16":1,"17":1,"18":0,"19":1,"20":0,"21":0,"22":0,"23":0,"24":0,"25":0,"26":1,"27":0,"28":0,"29":0,"30":0,"31":0,"32":0,"33":0,"34":0,"35":1,"36":0,"37":0,"38":0,"39":0,"40":0,"41":0,"42":0,"43":0,"44":0,"45":1,"46":0,"47":0,"48":0,"49":0,"50":0,"51":0,"52":0,"53":1},"f":{"0":1,"1":0,"2":0,"3":0,"4":0},"b":{"0":[0,1],"1":[0,1],"2":[0,0],"3":[0,0],"4":[0,0],"5":[0,0],"6":[0,0],"7":[0,0],"8":[0,0],"9":[0,0],"10":[0,0]},"_coverageSchema":"1a1c01bbd47fc00a2c39e90264f33305004495a9","hash":"06d47236bb4972018c84b3e6478222aef5c684c7"}
,"E:\\Kiểm thử phần mềm\\backend\\src\\routes\\serviceRoutes.js": {"path":"E:\\Kiểm thử phần mềm\\backend\\src\\routes\\serviceRoutes.js","statementMap":{"0":{"start":{"line":1,"column":16},"end":{"line":1,"column":34}},"1":{"start":{"line":2,"column":15},"end":{"line":2,"column":31}},"2":{"start":{"line":3,"column":26},"end":{"line":3,"column":45}},"3":{"start":{"line":4,"column":24},"end":{"line":4,"column":53}},"4":{"start":{"line":6,"column":0},"end":{"line":27,"column":3}},"5":{"start":{"line":7,"column":2},"end":{"line":26,"column":3}},"6":{"start":{"line":8,"column":33},"end":{"line":8,"column":42}},"7":{"start":{"line":9,"column":14},"end":{"line":9,"column":48}},"8":{"start":{"line":10,"column":19},"end":{"line":10,"column":21}},"9":{"start":{"line":12,"column":4},"end":{"line":15,"column":5}},"10":{"start":{"line":13,"column":6},"end":{"line":13,"column":33}},"11":{"start":{"line":14,"column":6},"end":{"line":14,"column":28}},"12":{"start":{"line":16,"column":4},"end":{"line":19,"column":5}},"13":{"start":{"line":17,"column":6},"end":{"line":17,"column":56}},"14":{"start":{"line":18,"column":6},"end":{"line":18,"column":48}},"15":{"start":{"line":21,"column":4},"end":{"line":21,"column":31}},"16":{"start":{"line":22,"column":21},"end":{"line":22,"column":43}},"17":{"start":{"line":23,"column":4},"end":{"line":23,"column":23}},"18":{"start":{"line":25,"column":4},"end":{"line":25,"column":87}},"19":{"start":{"line":29,"column":0},"end":{"line":39,"column":3}},"20":{"start":{"line":30,"column":2},"end":{"line":38,"column":3}},"21":{"start":{"line":31,"column":20},"end":{"line":31,"column":85}},"22":{"start":{"line":32,"column":4},"end":{"line":34,"column":5}},"23":{"start":{"line":33,"column":6},"end":{"line":33,"column":73}},"24":{"start":{"line":35,"column":4},"end":{"line":35,"column":22}},"25":{"start":{"line":37,"column":4},"end":{"line":37,"column":86}},"26":{"start":{"line":41,"column":0},"end":{"line":58,"column":3}},"27":{"start":{"line":42,"column":2},"end":{"line":57,"column":3}},"28":{"start":{"line":43,"column":73},"end":{"line":43,"column":81}},"29":{"start":{"line":44,"column":4},"end":{"line":46,"column":5}},"30":{"start":{"line":45,"column":6},"end":{"line":45,"column":82}},"31":{"start":{"line":48,"column":19},"end":{"line":51,"column":5}},"32":{"start":{"line":53,"column":23},"end":{"line":53,"column":84}},"33":{"start":{"line":54,"column":4},"end":{"line":54,"column":87}},"34":{"start":{"line":56,"column":4},"end":{"line":56,"column":78}},"35":{"start":{"line":60,"column":0},"end":{"line":78,"column":3}},"36":{"start":{"line":61,"column":2},"end":{"line":77,"column":3}},"37":{"start":{"line":62,"column":73},"end":{"line":62,"column":81}},"38":{"start":{"line":63,"column":21},"end":{"line":63,"column":87}},"39":{"start":{"line":64,"column":4},"end":{"line":66,"column":5}},"40":{"start":{"line":65,"column":6},"end":{"line":65,"column":73}},"41":{"start":{"line":68,"column":4},"end":{"line":71,"column":6}},"42":{"start":{"line":73,"column":20},"end":{"line":73,"column":85}},"43":{"start":{"line":74,"column":4},"end":{"line":74,"column":76}},"44":{"start":{"line":76,"column":4},"end":{"line":76,"column":82}},"45":{"start":{"line":80,"column":0},"end":{"line":92,"column":3}},"46":{"start":{"line":81,"column":2},"end":{"line":91,"column":3}},"47":{"start":{"line":82,"column":21},"end":{"line":82,"column":87}},"48":{"start":{"line":83,"column":4},"end":{"line":85,"column":5}},"49":{"start":{"line":84,"column":6},"end":{"line":84,"column":73}},"50":{"start":{"line":87,"column":4},"end":{"line":87,"column":68}},"51":{"start":{"line":88,"column":4},"end":{"line":88,"column":53}},"52":{"start":{"line":90,"column":4},"end":{"line":90,"column":77}},"53":{"start":{"line":94,"column":0},"end":{"line":94,"column":24}}},"fnMap":{"0":{"name":"(anonymous_0)","decl":{"start":{"line":6,"column":16},"end":{"line":6,"column":17}},"loc":{"start":{"line":6,"column":36},"end":{"line":27,"column":1}},"line":6},"1":{"name":"(anonymous_1)","decl":{"start":{"line":29,"column":19},"end":{"line":29,"column":20}},"loc":{"start":{"line":29,"column":39},"end":{"line":39,"column":1}},"line":29},"2":{"name":"(anonymous_2)","decl":{"start":{"line":41,"column":30},"end":{"line":41,"column":31}},"loc":{"start":{"line":41,"column":50},"end":{"line":58,"column":1}},"line":41},"3":{"name":"(anonymous_3)","decl":{"start":{"line":60,"column":32},"end":{"line":60,"column":33}},"loc":{"start":{"line":60,"column":52},"end":{"line":78,"column":1}},"line":60},"4":{"name":"(anonymous_4)","decl":{"start":{"line":80,"column":35},"end":{"line":80,"column":36}},"loc":{"start":{"line":80,"column":55},"end":{"line":92,"column":1}},"line":80}},"branchMap":{"0":{"loc":{"start":{"line":12,"column":4},"end":{"line":15,"column":5}},"type":"if","locations":[{"start":{"line":12,"column":4},"end":{"line":15,"column":5}},{"start":{},"end":{}}],"line":12},"1":{"loc":{"start":{"line":16,"column":4},"end":{"line":19,"column":5}},"type":"if","locations":[{"start":{"line":16,"column":4},"end":{"line":19,"column":5}},{"start":{},"end":{}}],"line":16},"2":{"loc":{"start":{"line":32,"column":4},"end":{"line":34,"column":5}},"type":"if","locations":[{"start":{"line":32,"column":4},"end":{"line":34,"column":5}},{"start":{},"end":{}}],"line":32},"3":{"loc":{"start":{"line":44,"column":4},"end":{"line":46,"column":5}},"type":"if","locations":[{"start":{"line":44,"column":4},"end":{"line":46,"column":5}},{"start":{},"end":{}}],"line":44},"4":{"loc":{"start":{"line":44,"column":8},"end":{"line":44,"column":23}},"type":"binary-expr","locations":[{"start":{"line":44,"column":8},"end":{"line":44,"column":13}},{"start":{"line":44,"column":17},"end":{"line":44,"column":23}}],"line":44},"5":{"loc":{"start":{"line":50,"column":13},"end":{"line":50,"column":30}},"type":"binary-expr","locations":[{"start":{"line":50,"column":13},"end":{"line":50,"column":24}},{"start":{"line":50,"column":28},"end":{"line":50,"column":30}}],"line":50},"6":{"loc":{"start":{"line":50,"column":39},"end":{"line":50,"column":58}},"type":"binary-expr","locations":[{"start":{"line":50,"column":39},"end":{"line":50,"column":52}},{"start":{"line":50,"column":56},"end":{"line":50,"column":58}}],"line":50},"7":{"loc":{"start":{"line":50,"column":60},"end":{"line":50,"column":82}},"type":"binary-expr","locations":[{"start":{"line":50,"column":60},"end":{"line":50,"column":68}},{"start":{"line":50,"column":72},"end":{"line":50,"column":82}}],"line":50},"8":{"loc":{"start":{"line":50,"column":84},"end":{"line":50,"column":95}},"type":"binary-expr","locations":[{"start":{"line":50,"column":84},"end":{"line":50,"column":89}},{"start":{"line":50,"column":93},"end":{"line":50,"column":95}}],"line":50},"9":{"loc":{"start":{"line":64,"column":4},"end":{"line":66,"column":5}},"type":"if","locations":[{"start":{"line":64,"column":4},"end":{"line":66,"column":5}},{"start":{},"end":{}}],"line":64},"10":{"loc":{"start":{"line":83,"column":4},"end":{"line":85,"column":5}},"type":"if","locations":[{"start":{"line":83,"column":4},"end":{"line":85,"column":5}},{"start":{},"end":{}}],"line":83}},"s":{"0":1,"1":1,"2":1,"3":1,"4":1,"5":1,"6":1,"7":1,"8":1,"9":1,"10":0,"11":0,"12":1,"13":0,"14":0,"15":1,"16":1,"17":1,"18":0,"19":1,"20":0,"21":0,"22":0,"23":0,"24":0,"25":0,"26":1,"27":1,"28":1,"29":1,"30":0,"31":1,"32":1,"33":1,"34":0,"35":1,"36":0,"37":0,"38":0,"39":0,"40":0,"41":0,"42":0,"43":0,"44":0,"45":1,"46":0,"47":0,"48":0,"49":0,"50":0,"51":0,"52":0,"53":1},"f":{"0":1,"1":0,"2":1,"3":0,"4":0},"b":{"0":[0,1],"1":[0,1],"2":[0,0],"3":[0,1],"4":[1,1],"5":[1,0],"6":[1,0],"7":[1,0],"8":[1,1],"9":[0,0],"10":[0,0]},"_coverageSchema":"1a1c01bbd47fc00a2c39e90264f33305004495a9","hash":"49c3b6c07a16394d90cff4142aac3dfe4192e49a"}
}
